<?xml version="1.0" encoding="UTF-8"?>
<!-- Generated by org.testng.reporters.JUnitReportReporter -->
<testsuite hostname="LAPTOP-RRO4KGR3" failures="0" tests="1" name="zoho.runner.MyRunner" time="45.563" errors="0" timestamp="2021-08-30T10:41:19 IST" skipped="0">
  <testcase classname="zoho.runner.MyRunner" name="runScenario" time="45.563"/>
  <system-out/>
</testsuite> <!-- zoho.runner.MyRunner -->
